[2020-12-03 19:32:24] laravel.EMERGENCY: Unable to create configured logger. Using emergency logger. {"exception":"[object] (InvalidArgumentException(code: 0): Log [] is not defined. at C:\\Users\\tanvi\\Desktop\\SEMESTER 5\\EXPERIMENTS (SEM-V)\\WDL\\TANVI MEHTA - 49 (Experiment No. - 08)\\Experiment_8\\vendor\\laravel\\framework\\src\\Illuminate\\Log\\LogManager.php:168)
[stacktrace]
#0 C:\\Users\\tanvi\\Desktop\\SEMESTER 5\\EXPERIMENTS (SEM-V)\\WDL\\TANVI MEHTA - 49 (Experiment No. - 08)\\Experiment_8\\vendor\\laravel\\framework\\src\\Illuminate\\Log\\LogManager.php(102): Illuminate\\Log\\LogManager->resolve(NULL)
#1 C:\\Users\\tanvi\\Desktop\\SEMESTER 5\\EXPERIMENTS (SEM-V)\\WDL\\TANVI MEHTA - 49 (Experiment No. - 08)\\Experiment_8\\vendor\\laravel\\framework\\src\\Illuminate\\Log\\LogManager.php(90): Illuminate\\Log\\LogManager->get(NULL)
#2 C:\\Users\\tanvi\\Desktop\\SEMESTER 5\\EXPERIMENTS (SEM-V)\\WDL\\TANVI MEHTA - 49 (Experiment No. - 08)\\Experiment_8\\vendor\\laravel\\framework\\src\\Illuminate\\Log\\LogManager.php(500): Illuminate\\Log\\LogManager->driver()
#3 C:\\Users\\tanvi\\Desktop\\SEMESTER 5\\EXPERIMENTS (SEM-V)\\WDL\\TANVI MEHTA - 49 (Experiment No. - 08)\\Experiment_8\\vendor\\laravel\\framework\\src\\Illuminate\\Foundation\\Exceptions\\Handler.php(118): Illuminate\\Log\\LogManager->error('syntax error, u...', Array)
#4 C:\\Users\\tanvi\\Desktop\\SEMESTER 5\\EXPERIMENTS (SEM-V)\\WDL\\TANVI MEHTA - 49 (Experiment No. - 08)\\Experiment_8\\app\\Exceptions\\Handler.php(37): Illuminate\\Foundation\\Exceptions\\Handler->report(Object(Symfony\\Component\\Debug\\Exception\\FatalThrowableError))
#5 C:\\Users\\tanvi\\Desktop\\SEMESTER 5\\EXPERIMENTS (SEM-V)\\WDL\\TANVI MEHTA - 49 (Experiment No. - 08)\\Experiment_8\\vendor\\laravel\\framework\\src\\Illuminate\\Foundation\\Console\\Kernel.php(378): App\\Exceptions\\Handler->report(Object(Symfony\\Component\\Debug\\Exception\\FatalThrowableError))
#6 C:\\Users\\tanvi\\Desktop\\SEMESTER 5\\EXPERIMENTS (SEM-V)\\WDL\\TANVI MEHTA - 49 (Experiment No. - 08)\\Experiment_8\\vendor\\laravel\\framework\\src\\Illuminate\\Foundation\\Console\\Kernel.php(143): Illuminate\\Foundation\\Console\\Kernel->reportException(Object(Symfony\\Component\\Debug\\Exception\\FatalThrowableError))
#7 C:\\Users\\tanvi\\Desktop\\SEMESTER 5\\EXPERIMENTS (SEM-V)\\WDL\\TANVI MEHTA - 49 (Experiment No. - 08)\\Experiment_8\\artisan(37): Illuminate\\Foundation\\Console\\Kernel->handle(Object(Symfony\\Component\\Console\\Input\\ArgvInput), Object(Symfony\\Component\\Console\\Output\\ConsoleOutput))
#8 {main}
"} 
[2020-12-03 19:32:24] laravel.ERROR: syntax error, unexpected ':', expecting ')' {"exception":"[object] (Symfony\\Component\\Debug\\Exception\\FatalThrowableError(code: 0): syntax error, unexpected ':', expecting ')' at C:\\Users\\tanvi\\Desktop\\SEMESTER 5\\EXPERIMENTS (SEM-V)\\WDL\\TANVI MEHTA - 49 (Experiment No. - 08)\\Experiment_8\\config\\database.php:4)
[stacktrace]
#0 C:\\Users\\tanvi\\Desktop\\SEMESTER 5\\EXPERIMENTS (SEM-V)\\WDL\\TANVI MEHTA - 49 (Experiment No. - 08)\\Experiment_8\\vendor\\laravel\\framework\\src\\Illuminate\\Foundation\\Bootstrap\\LoadConfiguration.php(39): Illuminate\\Foundation\\Bootstrap\\LoadConfiguration->loadConfigurationFiles(Object(Illuminate\\Foundation\\Application), Object(Illuminate\\Config\\Repository))
#1 C:\\Users\\tanvi\\Desktop\\SEMESTER 5\\EXPERIMENTS (SEM-V)\\WDL\\TANVI MEHTA - 49 (Experiment No. - 08)\\Experiment_8\\vendor\\laravel\\framework\\src\\Illuminate\\Foundation\\Application.php(210): Illuminate\\Foundation\\Bootstrap\\LoadConfiguration->bootstrap(Object(Illuminate\\Foundation\\Application))
#2 C:\\Users\\tanvi\\Desktop\\SEMESTER 5\\EXPERIMENTS (SEM-V)\\WDL\\TANVI MEHTA - 49 (Experiment No. - 08)\\Experiment_8\\vendor\\laravel\\framework\\src\\Illuminate\\Foundation\\Console\\Kernel.php(322): Illuminate\\Foundation\\Application->bootstrapWith(Array)
#3 C:\\Users\\tanvi\\Desktop\\SEMESTER 5\\EXPERIMENTS (SEM-V)\\WDL\\TANVI MEHTA - 49 (Experiment No. - 08)\\Experiment_8\\vendor\\laravel\\framework\\src\\Illuminate\\Foundation\\Console\\Kernel.php(131): Illuminate\\Foundation\\Console\\Kernel->bootstrap()
#4 C:\\Users\\tanvi\\Desktop\\SEMESTER 5\\EXPERIMENTS (SEM-V)\\WDL\\TANVI MEHTA - 49 (Experiment No. - 08)\\Experiment_8\\artisan(37): Illuminate\\Foundation\\Console\\Kernel->handle(Object(Symfony\\Component\\Console\\Input\\ArgvInput), Object(Symfony\\Component\\Console\\Output\\ConsoleOutput))
#5 {main}
"} 
